#! /c/Source/iverilog-install/bin/vvp
:ivl_version "12.0 (devel)" "(s20150603-1539-g2693dd32b)";
:ivl_delay_selection "TYPICAL";
:vpi_time_precision + 0;
:vpi_module "D:\iverilog\lib\ivl\system.vpi";
:vpi_module "D:\iverilog\lib\ivl\vhdl_sys.vpi";
:vpi_module "D:\iverilog\lib\ivl\vhdl_textio.vpi";
:vpi_module "D:\iverilog\lib\ivl\v2005_math.vpi";
:vpi_module "D:\iverilog\lib\ivl\va_math.vpi";
S_00000177b9bf42a0 .scope module, "data_memory_tb" "data_memory_tb" 2 1;
 .timescale 0 0;
v00000177b9c71a80_0 .var "clk", 0 0;
v00000177b9c71bc0_0 .var "endereco", 63 0;
v00000177b9c72700_0 .var "mem_read", 0 0;
v00000177b9c71e40_0 .var "mem_write", 0 0;
v00000177b9c723e0_0 .net "read_data", 63 0, L_00000177b9c7b140;  1 drivers
v00000177b9c72b60_0 .var "write_data", 63 0;
S_00000177b9c144d0 .scope module, "uut" "data_memory" 2 11, 3 1 0, S_00000177b9bf42a0;
 .timescale 0 0;
    .port_info 0 /INPUT 1 "clk";
    .port_info 1 /INPUT 1 "mem_read";
    .port_info 2 /INPUT 1 "mem_write";
    .port_info 3 /INPUT 64 "endereco";
    .port_info 4 /INPUT 64 "write_data";
    .port_info 5 /OUTPUT 64 "read_data";
v00000177b9c15bf0 .array "Memory", 0 2047, 7 0;
v00000177b9c15ab0_0 .net *"_ivl_0", 7 0, L_00000177b9c7c040;  1 drivers
v00000177b9c164b0_0 .net *"_ivl_10", 63 0, L_00000177b9c7c220;  1 drivers
v00000177b9c15650_0 .net *"_ivl_12", 7 0, L_00000177b9c7c400;  1 drivers
L_00000177b9cb0118 .functor BUFT 1, C4<0000000000000000000000000000000000000000000000000000000000000010>, C4<0>, C4<0>, C4<0>;
v00000177b9c15f10_0 .net/2u *"_ivl_14", 63 0, L_00000177b9cb0118;  1 drivers
v00000177b9c16050_0 .net *"_ivl_16", 63 0, L_00000177b9c7b8c0;  1 drivers
v00000177b9c16410_0 .net *"_ivl_18", 7 0, L_00000177b9c7ccc0;  1 drivers
L_00000177b9cb0088 .functor BUFT 1, C4<0000000000000000000000000000000000000000000000000000000000000000>, C4<0>, C4<0>, C4<0>;
v00000177b9c71080_0 .net/2u *"_ivl_2", 63 0, L_00000177b9cb0088;  1 drivers
L_00000177b9cb0160 .functor BUFT 1, C4<0000000000000000000000000000000000000000000000000000000000000011>, C4<0>, C4<0>, C4<0>;
v00000177b9c718a0_0 .net/2u *"_ivl_20", 63 0, L_00000177b9cb0160;  1 drivers
v00000177b9c72160_0 .net *"_ivl_22", 63 0, L_00000177b9c7c5e0;  1 drivers
v00000177b9c71120_0 .net *"_ivl_24", 7 0, L_00000177b9c7bd20;  1 drivers
L_00000177b9cb01a8 .functor BUFT 1, C4<0000000000000000000000000000000000000000000000000000000000000100>, C4<0>, C4<0>, C4<0>;
v00000177b9c716c0_0 .net/2u *"_ivl_26", 63 0, L_00000177b9cb01a8;  1 drivers
v00000177b9c71da0_0 .net *"_ivl_28", 63 0, L_00000177b9c7b640;  1 drivers
v00000177b9c72a20_0 .net *"_ivl_30", 7 0, L_00000177b9c7cd60;  1 drivers
L_00000177b9cb01f0 .functor BUFT 1, C4<0000000000000000000000000000000000000000000000000000000000000101>, C4<0>, C4<0>, C4<0>;
v00000177b9c722a0_0 .net/2u *"_ivl_32", 63 0, L_00000177b9cb01f0;  1 drivers
v00000177b9c72200_0 .net *"_ivl_34", 63 0, L_00000177b9c7b780;  1 drivers
v00000177b9c711c0_0 .net *"_ivl_36", 7 0, L_00000177b9c7bdc0;  1 drivers
L_00000177b9cb0238 .functor BUFT 1, C4<0000000000000000000000000000000000000000000000000000000000000110>, C4<0>, C4<0>, C4<0>;
v00000177b9c72ca0_0 .net/2u *"_ivl_38", 63 0, L_00000177b9cb0238;  1 drivers
v00000177b9c71d00_0 .net *"_ivl_4", 63 0, L_00000177b9c7c180;  1 drivers
v00000177b9c714e0_0 .net *"_ivl_40", 63 0, L_00000177b9c7c4a0;  1 drivers
v00000177b9c71620_0 .net *"_ivl_42", 7 0, L_00000177b9c7ce00;  1 drivers
L_00000177b9cb0280 .functor BUFT 1, C4<0000000000000000000000000000000000000000000000000000000000000111>, C4<0>, C4<0>, C4<0>;
v00000177b9c71760_0 .net/2u *"_ivl_44", 63 0, L_00000177b9cb0280;  1 drivers
v00000177b9c71580_0 .net *"_ivl_46", 63 0, L_00000177b9c7cf40;  1 drivers
v00000177b9c71260_0 .net *"_ivl_6", 7 0, L_00000177b9c7cc20;  1 drivers
L_00000177b9cb00d0 .functor BUFT 1, C4<0000000000000000000000000000000000000000000000000000000000000001>, C4<0>, C4<0>, C4<0>;
v00000177b9c72340_0 .net/2u *"_ivl_8", 63 0, L_00000177b9cb00d0;  1 drivers
v00000177b9c71300_0 .net "clk", 0 0, v00000177b9c71a80_0;  1 drivers
v00000177b9c72840_0 .net "endereco", 63 0, v00000177b9c71bc0_0;  1 drivers
v00000177b9c72980_0 .net "mem_read", 0 0, v00000177b9c72700_0;  1 drivers
v00000177b9c713a0_0 .net "mem_write", 0 0, v00000177b9c71e40_0;  1 drivers
v00000177b9c72d40_0 .net "read_data", 63 0, L_00000177b9c7b140;  alias, 1 drivers
v00000177b9c72020_0 .net "write_data", 63 0, v00000177b9c72b60_0;  1 drivers
E_00000177b9c1bfd0 .event posedge, v00000177b9c71300_0;
L_00000177b9c7c040 .array/port v00000177b9c15bf0, L_00000177b9c7c180;
L_00000177b9c7c180 .arith/sum 64, v00000177b9c71bc0_0, L_00000177b9cb0088;
L_00000177b9c7cc20 .array/port v00000177b9c15bf0, L_00000177b9c7c220;
L_00000177b9c7c220 .arith/sum 64, v00000177b9c71bc0_0, L_00000177b9cb00d0;
L_00000177b9c7c400 .array/port v00000177b9c15bf0, L_00000177b9c7b8c0;
L_00000177b9c7b8c0 .arith/sum 64, v00000177b9c71bc0_0, L_00000177b9cb0118;
L_00000177b9c7ccc0 .array/port v00000177b9c15bf0, L_00000177b9c7c5e0;
L_00000177b9c7c5e0 .arith/sum 64, v00000177b9c71bc0_0, L_00000177b9cb0160;
L_00000177b9c7bd20 .array/port v00000177b9c15bf0, L_00000177b9c7b640;
L_00000177b9c7b640 .arith/sum 64, v00000177b9c71bc0_0, L_00000177b9cb01a8;
L_00000177b9c7cd60 .array/port v00000177b9c15bf0, L_00000177b9c7b780;
L_00000177b9c7b780 .arith/sum 64, v00000177b9c71bc0_0, L_00000177b9cb01f0;
L_00000177b9c7bdc0 .array/port v00000177b9c15bf0, L_00000177b9c7c4a0;
L_00000177b9c7c4a0 .arith/sum 64, v00000177b9c71bc0_0, L_00000177b9cb0238;
L_00000177b9c7ce00 .array/port v00000177b9c15bf0, L_00000177b9c7cf40;
L_00000177b9c7cf40 .arith/sum 64, v00000177b9c71bc0_0, L_00000177b9cb0280;
LS_00000177b9c7b140_0_0 .concat [ 8 8 8 8], L_00000177b9c7ce00, L_00000177b9c7bdc0, L_00000177b9c7cd60, L_00000177b9c7bd20;
LS_00000177b9c7b140_0_4 .concat [ 8 8 8 8], L_00000177b9c7ccc0, L_00000177b9c7c400, L_00000177b9c7cc20, L_00000177b9c7c040;
L_00000177b9c7b140 .concat [ 32 32 0 0], LS_00000177b9c7b140_0_0, LS_00000177b9c7b140_0_4;
S_00000177b9c14340 .scope module, "memory" "memory" 4 1;
 .timescale 0 0;
    .port_info 0 /INPUT 1 "clock";
    .port_info 1 /INPUT 64 "alu_result_m";
    .port_info 2 /INPUT 64 "write_data_m";
    .port_info 3 /INPUT 5 "rd_m";
    .port_info 4 /INPUT 64 "next_instruction_m";
    .port_info 5 /INPUT 1 "mem_write";
    .port_info 6 /OUTPUT 64 "alu_result";
    .port_info 7 /OUTPUT 64 "write_data";
    .port_info 8 /OUTPUT 5 "rd";
    .port_info 9 /OUTPUT 64 "next_instruction";
    .port_info 10 /OUTPUT 64 "mem_data";
v00000177b9c7bb40_0 .var "alu_result", 63 0;
o00000177b9c22568 .functor BUFZ 64, C4<zzzzzzzzzzzzzzzzzzzzzzzzzzzzzzzzzzzzzzzzzzzzzzzzzzzzzzzzzzzzzzzz>; HiZ drive
v00000177b9c7bfa0_0 .net "alu_result_m", 63 0, o00000177b9c22568;  0 drivers
o00000177b9c22538 .functor BUFZ 1, C4<z>; HiZ drive
v00000177b9c7bc80_0 .net "clock", 0 0, o00000177b9c22538;  0 drivers
v00000177b9c7b320_0 .var "mem_data", 63 0;
v00000177b9c7be60_0 .net "mem_data_wire", 63 0, L_00000177b9c8ffd0;  1 drivers
o00000177b9c225c8 .functor BUFZ 1, C4<z>; HiZ drive
v00000177b9c7ca40_0 .net "mem_write", 0 0, o00000177b9c225c8;  0 drivers
v00000177b9c7c2c0_0 .var "next_instruction", 63 0;
o00000177b9c22808 .functor BUFZ 64, C4<zzzzzzzzzzzzzzzzzzzzzzzzzzzzzzzzzzzzzzzzzzzzzzzzzzzzzzzzzzzzzzzz>; HiZ drive
v00000177b9c7c7c0_0 .net "next_instruction_m", 63 0, o00000177b9c22808;  0 drivers
v00000177b9c7b6e0_0 .var "rd", 4 0;
o00000177b9c22868 .functor BUFZ 5, C4<zzzzz>; HiZ drive
v00000177b9c7b460_0 .net "rd_m", 4 0, o00000177b9c22868;  0 drivers
v00000177b9c7cb80_0 .var "write_data", 63 0;
o00000177b9c22628 .functor BUFZ 64, C4<zzzzzzzzzzzzzzzzzzzzzzzzzzzzzzzzzzzzzzzzzzzzzzzzzzzzzzzzzzzzzzzz>; HiZ drive
v00000177b9c7cea0_0 .net "write_data_m", 63 0, o00000177b9c22628;  0 drivers
S_00000177b9c02050 .scope module, "data_mem" "data_memory" 4 19, 3 1 0, S_00000177b9c14340;
 .timescale 0 0;
    .port_info 0 /INPUT 1 "clk";
    .port_info 1 /INPUT 1 "mem_read";
    .port_info 2 /INPUT 1 "mem_write";
    .port_info 3 /INPUT 64 "endereco";
    .port_info 4 /INPUT 64 "write_data";
    .port_info 5 /OUTPUT 64 "read_data";
v00000177b9c71c60 .array "Memory", 0 2047, 7 0;
v00000177b9c71440_0 .net *"_ivl_0", 7 0, L_00000177b9c7c540;  1 drivers
v00000177b9c71b20_0 .net *"_ivl_10", 63 0, L_00000177b9c7b280;  1 drivers
v00000177b9c71ee0_0 .net *"_ivl_12", 7 0, L_00000177b9c7b3c0;  1 drivers
L_00000177b9cb0358 .functor BUFT 1, C4<0000000000000000000000000000000000000000000000000000000000000010>, C4<0>, C4<0>, C4<0>;
v00000177b9c71f80_0 .net/2u *"_ivl_14", 63 0, L_00000177b9cb0358;  1 drivers
v00000177b9c720c0_0 .net *"_ivl_16", 63 0, L_00000177b9c7b500;  1 drivers
v00000177b9c72480_0 .net *"_ivl_18", 7 0, L_00000177b9c7b5a0;  1 drivers
L_00000177b9cb02c8 .functor BUFT 1, C4<0000000000000000000000000000000000000000000000000000000000000000>, C4<0>, C4<0>, C4<0>;
v00000177b9c71800_0 .net/2u *"_ivl_2", 63 0, L_00000177b9cb02c8;  1 drivers
L_00000177b9cb03a0 .functor BUFT 1, C4<0000000000000000000000000000000000000000000000000000000000000011>, C4<0>, C4<0>, C4<0>;
v00000177b9c72520_0 .net/2u *"_ivl_20", 63 0, L_00000177b9cb03a0;  1 drivers
v00000177b9c727a0_0 .net *"_ivl_22", 63 0, L_00000177b9c7b820;  1 drivers
v00000177b9c725c0_0 .net *"_ivl_24", 7 0, L_00000177b9c7b960;  1 drivers
L_00000177b9cb03e8 .functor BUFT 1, C4<0000000000000000000000000000000000000000000000000000000000000100>, C4<0>, C4<0>, C4<0>;
v00000177b9c72660_0 .net/2u *"_ivl_26", 63 0, L_00000177b9cb03e8;  1 drivers
v00000177b9c728e0_0 .net *"_ivl_28", 63 0, L_00000177b9c7ba00;  1 drivers
v00000177b9c72f20_0 .net *"_ivl_30", 7 0, L_00000177b9c8f850;  1 drivers
L_00000177b9cb0430 .functor BUFT 1, C4<0000000000000000000000000000000000000000000000000000000000000101>, C4<0>, C4<0>, C4<0>;
v00000177b9c71940_0 .net/2u *"_ivl_32", 63 0, L_00000177b9cb0430;  1 drivers
v00000177b9c72ac0_0 .net *"_ivl_34", 63 0, L_00000177b9c90110;  1 drivers
v00000177b9c719e0_0 .net *"_ivl_36", 7 0, L_00000177b9c90570;  1 drivers
L_00000177b9cb0478 .functor BUFT 1, C4<0000000000000000000000000000000000000000000000000000000000000110>, C4<0>, C4<0>, C4<0>;
v00000177b9c72c00_0 .net/2u *"_ivl_38", 63 0, L_00000177b9cb0478;  1 drivers
v00000177b9c72de0_0 .net *"_ivl_4", 63 0, L_00000177b9c7c680;  1 drivers
v00000177b9c72e80_0 .net *"_ivl_40", 63 0, L_00000177b9c90e30;  1 drivers
v00000177b9c7baa0_0 .net *"_ivl_42", 7 0, L_00000177b9c8f990;  1 drivers
L_00000177b9cb04c0 .functor BUFT 1, C4<0000000000000000000000000000000000000000000000000000000000000111>, C4<0>, C4<0>, C4<0>;
v00000177b9c7bf00_0 .net/2u *"_ivl_44", 63 0, L_00000177b9cb04c0;  1 drivers
v00000177b9c7cae0_0 .net *"_ivl_46", 63 0, L_00000177b9c8f670;  1 drivers
v00000177b9c7c360_0 .net *"_ivl_6", 7 0, L_00000177b9c7b1e0;  1 drivers
L_00000177b9cb0310 .functor BUFT 1, C4<0000000000000000000000000000000000000000000000000000000000000001>, C4<0>, C4<0>, C4<0>;
v00000177b9c7c860_0 .net/2u *"_ivl_8", 63 0, L_00000177b9cb0310;  1 drivers
v00000177b9c7c0e0_0 .net "clk", 0 0, o00000177b9c22538;  alias, 0 drivers
v00000177b9c7c900_0 .net "endereco", 63 0, o00000177b9c22568;  alias, 0 drivers
L_00000177b9cb0508 .functor BUFT 1, C4<1>, C4<0>, C4<0>, C4<0>;
v00000177b9c7c9a0_0 .net "mem_read", 0 0, L_00000177b9cb0508;  1 drivers
v00000177b9c7b0a0_0 .net "mem_write", 0 0, o00000177b9c225c8;  alias, 0 drivers
v00000177b9c7c720_0 .net "read_data", 63 0, L_00000177b9c8ffd0;  alias, 1 drivers
v00000177b9c7bbe0_0 .net "write_data", 63 0, o00000177b9c22628;  alias, 0 drivers
E_00000177b9c1c650 .event posedge, v00000177b9c7c0e0_0;
L_00000177b9c7c540 .array/port v00000177b9c71c60, L_00000177b9c7c680;
L_00000177b9c7c680 .arith/sum 64, o00000177b9c22568, L_00000177b9cb02c8;
L_00000177b9c7b1e0 .array/port v00000177b9c71c60, L_00000177b9c7b280;
L_00000177b9c7b280 .arith/sum 64, o00000177b9c22568, L_00000177b9cb0310;
L_00000177b9c7b3c0 .array/port v00000177b9c71c60, L_00000177b9c7b500;
L_00000177b9c7b500 .arith/sum 64, o00000177b9c22568, L_00000177b9cb0358;
L_00000177b9c7b5a0 .array/port v00000177b9c71c60, L_00000177b9c7b820;
L_00000177b9c7b820 .arith/sum 64, o00000177b9c22568, L_00000177b9cb03a0;
L_00000177b9c7b960 .array/port v00000177b9c71c60, L_00000177b9c7ba00;
L_00000177b9c7ba00 .arith/sum 64, o00000177b9c22568, L_00000177b9cb03e8;
L_00000177b9c8f850 .array/port v00000177b9c71c60, L_00000177b9c90110;
L_00000177b9c90110 .arith/sum 64, o00000177b9c22568, L_00000177b9cb0430;
L_00000177b9c90570 .array/port v00000177b9c71c60, L_00000177b9c90e30;
L_00000177b9c90e30 .arith/sum 64, o00000177b9c22568, L_00000177b9cb0478;
L_00000177b9c8f990 .array/port v00000177b9c71c60, L_00000177b9c8f670;
L_00000177b9c8f670 .arith/sum 64, o00000177b9c22568, L_00000177b9cb04c0;
LS_00000177b9c8ffd0_0_0 .concat [ 8 8 8 8], L_00000177b9c8f990, L_00000177b9c90570, L_00000177b9c8f850, L_00000177b9c7b960;
LS_00000177b9c8ffd0_0_4 .concat [ 8 8 8 8], L_00000177b9c7b5a0, L_00000177b9c7b3c0, L_00000177b9c7b1e0, L_00000177b9c7c540;
L_00000177b9c8ffd0 .concat [ 32 32 0 0], LS_00000177b9c8ffd0_0_0, LS_00000177b9c8ffd0_0_4;
    .scope S_00000177b9c144d0;
T_0 ;
    %pushi/vec4 0, 0, 8;
    %ix/load 4, 0, 0;
    %flag_set/imm 4, 0;
    %store/vec4a v00000177b9c15bf0, 4, 0;
    %pushi/vec4 0, 0, 8;
    %ix/load 4, 1, 0;
    %flag_set/imm 4, 0;
    %store/vec4a v00000177b9c15bf0, 4, 0;
    %pushi/vec4 0, 0, 8;
    %ix/load 4, 2, 0;
    %flag_set/imm 4, 0;
    %store/vec4a v00000177b9c15bf0, 4, 0;
    %pushi/vec4 0, 0, 8;
    %ix/load 4, 3, 0;
    %flag_set/imm 4, 0;
    %store/vec4a v00000177b9c15bf0, 4, 0;
    %pushi/vec4 0, 0, 8;
    %ix/load 4, 4, 0;
    %flag_set/imm 4, 0;
    %store/vec4a v00000177b9c15bf0, 4, 0;
    %pushi/vec4 0, 0, 8;
    %ix/load 4, 5, 0;
    %flag_set/imm 4, 0;
    %store/vec4a v00000177b9c15bf0, 4, 0;
    %pushi/vec4 0, 0, 8;
    %ix/load 4, 6, 0;
    %flag_set/imm 4, 0;
    %store/vec4a v00000177b9c15bf0, 4, 0;
    %pushi/vec4 8, 0, 8;
    %ix/load 4, 7, 0;
    %flag_set/imm 4, 0;
    %store/vec4a v00000177b9c15bf0, 4, 0;
    %pushi/vec4 0, 0, 8;
    %ix/load 4, 10, 0;
    %flag_set/imm 4, 0;
    %store/vec4a v00000177b9c15bf0, 4, 0;
    %pushi/vec4 0, 0, 8;
    %ix/load 4, 11, 0;
    %flag_set/imm 4, 0;
    %store/vec4a v00000177b9c15bf0, 4, 0;
    %pushi/vec4 0, 0, 8;
    %ix/load 4, 12, 0;
    %flag_set/imm 4, 0;
    %store/vec4a v00000177b9c15bf0, 4, 0;
    %pushi/vec4 0, 0, 8;
    %ix/load 4, 13, 0;
    %flag_set/imm 4, 0;
    %store/vec4a v00000177b9c15bf0, 4, 0;
    %pushi/vec4 0, 0, 8;
    %ix/load 4, 14, 0;
    %flag_set/imm 4, 0;
    %store/vec4a v00000177b9c15bf0, 4, 0;
    %pushi/vec4 0, 0, 8;
    %ix/load 4, 15, 0;
    %flag_set/imm 4, 0;
    %store/vec4a v00000177b9c15bf0, 4, 0;
    %pushi/vec4 0, 0, 8;
    %ix/load 4, 16, 0;
    %flag_set/imm 4, 0;
    %store/vec4a v00000177b9c15bf0, 4, 0;
    %pushi/vec4 0, 0, 8;
    %ix/load 4, 17, 0;
    %flag_set/imm 4, 0;
    %store/vec4a v00000177b9c15bf0, 4, 0;
    %pushi/vec4 0, 0, 8;
    %ix/load 4, 20, 0;
    %flag_set/imm 4, 0;
    %store/vec4a v00000177b9c15bf0, 4, 0;
    %pushi/vec4 0, 0, 8;
    %ix/load 4, 21, 0;
    %flag_set/imm 4, 0;
    %store/vec4a v00000177b9c15bf0, 4, 0;
    %pushi/vec4 0, 0, 8;
    %ix/load 4, 22, 0;
    %flag_set/imm 4, 0;
    %store/vec4a v00000177b9c15bf0, 4, 0;
    %pushi/vec4 0, 0, 8;
    %ix/load 4, 23, 0;
    %flag_set/imm 4, 0;
    %store/vec4a v00000177b9c15bf0, 4, 0;
    %pushi/vec4 0, 0, 8;
    %ix/load 4, 24, 0;
    %flag_set/imm 4, 0;
    %store/vec4a v00000177b9c15bf0, 4, 0;
    %pushi/vec4 0, 0, 8;
    %ix/load 4, 25, 0;
    %flag_set/imm 4, 0;
    %store/vec4a v00000177b9c15bf0, 4, 0;
    %pushi/vec4 0, 0, 8;
    %ix/load 4, 26, 0;
    %flag_set/imm 4, 0;
    %store/vec4a v00000177b9c15bf0, 4, 0;
    %pushi/vec4 0, 0, 8;
    %ix/load 4, 27, 0;
    %flag_set/imm 4, 0;
    %store/vec4a v00000177b9c15bf0, 4, 0;
    %end;
    .thread T_0;
    .scope S_00000177b9c144d0;
T_1 ;
    %wait E_00000177b9c1bfd0;
    %load/vec4 v00000177b9c713a0_0;
    %pad/u 32;
    %cmpi/e 1, 0, 32;
    %jmp/0xz  T_1.0, 4;
    %load/vec4 v00000177b9c72020_0;
    %parti/s 8, 0, 2;
    %load/vec4 v00000177b9c72840_0;
    %addi 7, 0, 64;
    %ix/vec4 3;
    %ix/load 4, 0, 0; Constant delay
    %assign/vec4/a/d v00000177b9c15bf0, 0, 4;
    %load/vec4 v00000177b9c72020_0;
    %parti/s 8, 8, 5;
    %load/vec4 v00000177b9c72840_0;
    %addi 6, 0, 64;
    %ix/vec4 3;
    %ix/load 4, 0, 0; Constant delay
    %assign/vec4/a/d v00000177b9c15bf0, 0, 4;
    %load/vec4 v00000177b9c72020_0;
    %parti/s 8, 16, 6;
    %load/vec4 v00000177b9c72840_0;
    %addi 5, 0, 64;
    %ix/vec4 3;
    %ix/load 4, 0, 0; Constant delay
    %assign/vec4/a/d v00000177b9c15bf0, 0, 4;
    %load/vec4 v00000177b9c72020_0;
    %parti/s 8, 24, 6;
    %load/vec4 v00000177b9c72840_0;
    %addi 4, 0, 64;
    %ix/vec4 3;
    %ix/load 4, 0, 0; Constant delay
    %assign/vec4/a/d v00000177b9c15bf0, 0, 4;
    %load/vec4 v00000177b9c72020_0;
    %parti/s 8, 32, 7;
    %load/vec4 v00000177b9c72840_0;
    %addi 3, 0, 64;
    %ix/vec4 3;
    %ix/load 4, 0, 0; Constant delay
    %assign/vec4/a/d v00000177b9c15bf0, 0, 4;
    %load/vec4 v00000177b9c72020_0;
    %parti/s 8, 40, 7;
    %load/vec4 v00000177b9c72840_0;
    %addi 2, 0, 64;
    %ix/vec4 3;
    %ix/load 4, 0, 0; Constant delay
    %assign/vec4/a/d v00000177b9c15bf0, 0, 4;
    %load/vec4 v00000177b9c72020_0;
    %parti/s 8, 48, 7;
    %load/vec4 v00000177b9c72840_0;
    %addi 1, 0, 64;
    %ix/vec4 3;
    %ix/load 4, 0, 0; Constant delay
    %assign/vec4/a/d v00000177b9c15bf0, 0, 4;
    %load/vec4 v00000177b9c72020_0;
    %parti/s 8, 56, 7;
    %ix/getv 3, v00000177b9c72840_0;
    %ix/load 4, 0, 0; Constant delay
    %assign/vec4/a/d v00000177b9c15bf0, 0, 4;
T_1.0 ;
    %jmp T_1;
    .thread T_1;
    .scope S_00000177b9bf42a0;
T_2 ;
    %pushi/vec4 0, 0, 1;
    %store/vec4 v00000177b9c71a80_0, 0, 1;
T_2.0 ;
    %delay 5, 0;
    %load/vec4 v00000177b9c71a80_0;
    %inv;
    %store/vec4 v00000177b9c71a80_0, 0, 1;
    %jmp T_2.0;
    %end;
    .thread T_2;
    .scope S_00000177b9bf42a0;
T_3 ;
    %pushi/vec4 0, 0, 1;
    %store/vec4 v00000177b9c72700_0, 0, 1;
    %pushi/vec4 0, 0, 1;
    %store/vec4 v00000177b9c71e40_0, 0, 1;
    %pushi/vec4 0, 0, 64;
    %store/vec4 v00000177b9c71bc0_0, 0, 64;
    %pushi/vec4 0, 0, 64;
    %store/vec4 v00000177b9c72b60_0, 0, 64;
    %delay 10, 0;
    %pushi/vec4 1, 0, 1;
    %store/vec4 v00000177b9c72700_0, 0, 1;
    %pushi/vec4 0, 0, 64;
    %store/vec4 v00000177b9c71bc0_0, 0, 64;
    %delay 10, 0;
    %load/vec4 v00000177b9c723e0_0;
    %cmpi/ne 8, 0, 64;
    %jmp/0xz  T_3.0, 6;
    %vpi_call 2 40 "$display", "Test failed: Initial read, expected = 8, got = %0d", v00000177b9c723e0_0 {0 0 0};
    %jmp T_3.1;
T_3.0 ;
    %vpi_call 2 42 "$display", "Test passed: Initial read, read_data = %0d", v00000177b9c723e0_0 {0 0 0};
T_3.1 ;
    %pushi/vec4 0, 0, 1;
    %store/vec4 v00000177b9c72700_0, 0, 1;
    %delay 10, 0;
    %pushi/vec4 1, 0, 1;
    %store/vec4 v00000177b9c71e40_0, 0, 1;
    %pushi/vec4 10, 0, 64;
    %store/vec4 v00000177b9c71bc0_0, 0, 64;
    %pushi/vec4 42, 0, 64;
    %store/vec4 v00000177b9c72b60_0, 0, 64;
    %delay 10, 0;
    %pushi/vec4 0, 0, 1;
    %store/vec4 v00000177b9c71e40_0, 0, 1;
    %delay 10, 0;
    %pushi/vec4 1, 0, 1;
    %store/vec4 v00000177b9c72700_0, 0, 1;
    %delay 10, 0;
    %load/vec4 v00000177b9c723e0_0;
    %cmpi/ne 42, 0, 64;
    %jmp/0xz  T_3.2, 6;
    %vpi_call 2 59 "$display", "Test failed: Write-then-read, expected = 42, got = %0d", v00000177b9c723e0_0 {0 0 0};
    %jmp T_3.3;
T_3.2 ;
    %vpi_call 2 61 "$display", "Test passed: Write-then-read, read_data = %0d", v00000177b9c723e0_0 {0 0 0};
T_3.3 ;
    %pushi/vec4 0, 0, 1;
    %store/vec4 v00000177b9c72700_0, 0, 1;
    %delay 10, 0;
    %pushi/vec4 1, 0, 1;
    %store/vec4 v00000177b9c71e40_0, 0, 1;
    %pushi/vec4 20, 0, 64;
    %store/vec4 v00000177b9c71bc0_0, 0, 64;
    %pushi/vec4 100, 0, 64;
    %store/vec4 v00000177b9c72b60_0, 0, 64;
    %delay 10, 0;
    %pushi/vec4 0, 0, 1;
    %store/vec4 v00000177b9c71e40_0, 0, 1;
    %pushi/vec4 1, 0, 1;
    %store/vec4 v00000177b9c72700_0, 0, 1;
    %pushi/vec4 20, 0, 64;
    %store/vec4 v00000177b9c71bc0_0, 0, 64;
    %delay 10, 0;
    %load/vec4 v00000177b9c723e0_0;
    %cmpi/ne 100, 0, 64;
    %jmp/0xz  T_3.4, 6;
    %vpi_call 2 76 "$display", "Test failed: Second write-then-read, expected = 100, got = %0d", v00000177b9c723e0_0 {0 0 0};
    %jmp T_3.5;
T_3.4 ;
    %vpi_call 2 78 "$display", "Test passed: Second write-then-read, read_data = %0d", v00000177b9c723e0_0 {0 0 0};
T_3.5 ;
    %pushi/vec4 0, 0, 1;
    %store/vec4 v00000177b9c72700_0, 0, 1;
    %vpi_call 2 83 "$stop" {0 0 0};
    %end;
    .thread T_3;
    .scope S_00000177b9c02050;
T_4 ;
    %pushi/vec4 0, 0, 8;
    %ix/load 4, 0, 0;
    %flag_set/imm 4, 0;
    %store/vec4a v00000177b9c71c60, 4, 0;
    %pushi/vec4 0, 0, 8;
    %ix/load 4, 1, 0;
    %flag_set/imm 4, 0;
    %store/vec4a v00000177b9c71c60, 4, 0;
    %pushi/vec4 0, 0, 8;
    %ix/load 4, 2, 0;
    %flag_set/imm 4, 0;
    %store/vec4a v00000177b9c71c60, 4, 0;
    %pushi/vec4 0, 0, 8;
    %ix/load 4, 3, 0;
    %flag_set/imm 4, 0;
    %store/vec4a v00000177b9c71c60, 4, 0;
    %pushi/vec4 0, 0, 8;
    %ix/load 4, 4, 0;
    %flag_set/imm 4, 0;
    %store/vec4a v00000177b9c71c60, 4, 0;
    %pushi/vec4 0, 0, 8;
    %ix/load 4, 5, 0;
    %flag_set/imm 4, 0;
    %store/vec4a v00000177b9c71c60, 4, 0;
    %pushi/vec4 0, 0, 8;
    %ix/load 4, 6, 0;
    %flag_set/imm 4, 0;
    %store/vec4a v00000177b9c71c60, 4, 0;
    %pushi/vec4 8, 0, 8;
    %ix/load 4, 7, 0;
    %flag_set/imm 4, 0;
    %store/vec4a v00000177b9c71c60, 4, 0;
    %pushi/vec4 0, 0, 8;
    %ix/load 4, 10, 0;
    %flag_set/imm 4, 0;
    %store/vec4a v00000177b9c71c60, 4, 0;
    %pushi/vec4 0, 0, 8;
    %ix/load 4, 11, 0;
    %flag_set/imm 4, 0;
    %store/vec4a v00000177b9c71c60, 4, 0;
    %pushi/vec4 0, 0, 8;
    %ix/load 4, 12, 0;
    %flag_set/imm 4, 0;
    %store/vec4a v00000177b9c71c60, 4, 0;
    %pushi/vec4 0, 0, 8;
    %ix/load 4, 13, 0;
    %flag_set/imm 4, 0;
    %store/vec4a v00000177b9c71c60, 4, 0;
    %pushi/vec4 0, 0, 8;
    %ix/load 4, 14, 0;
    %flag_set/imm 4, 0;
    %store/vec4a v00000177b9c71c60, 4, 0;
    %pushi/vec4 0, 0, 8;
    %ix/load 4, 15, 0;
    %flag_set/imm 4, 0;
    %store/vec4a v00000177b9c71c60, 4, 0;
    %pushi/vec4 0, 0, 8;
    %ix/load 4, 16, 0;
    %flag_set/imm 4, 0;
    %store/vec4a v00000177b9c71c60, 4, 0;
    %pushi/vec4 0, 0, 8;
    %ix/load 4, 17, 0;
    %flag_set/imm 4, 0;
    %store/vec4a v00000177b9c71c60, 4, 0;
    %pushi/vec4 0, 0, 8;
    %ix/load 4, 20, 0;
    %flag_set/imm 4, 0;
    %store/vec4a v00000177b9c71c60, 4, 0;
    %pushi/vec4 0, 0, 8;
    %ix/load 4, 21, 0;
    %flag_set/imm 4, 0;
    %store/vec4a v00000177b9c71c60, 4, 0;
    %pushi/vec4 0, 0, 8;
    %ix/load 4, 22, 0;
    %flag_set/imm 4, 0;
    %store/vec4a v00000177b9c71c60, 4, 0;
    %pushi/vec4 0, 0, 8;
    %ix/load 4, 23, 0;
    %flag_set/imm 4, 0;
    %store/vec4a v00000177b9c71c60, 4, 0;
    %pushi/vec4 0, 0, 8;
    %ix/load 4, 24, 0;
    %flag_set/imm 4, 0;
    %store/vec4a v00000177b9c71c60, 4, 0;
    %pushi/vec4 0, 0, 8;
    %ix/load 4, 25, 0;
    %flag_set/imm 4, 0;
    %store/vec4a v00000177b9c71c60, 4, 0;
    %pushi/vec4 0, 0, 8;
    %ix/load 4, 26, 0;
    %flag_set/imm 4, 0;
    %store/vec4a v00000177b9c71c60, 4, 0;
    %pushi/vec4 0, 0, 8;
    %ix/load 4, 27, 0;
    %flag_set/imm 4, 0;
    %store/vec4a v00000177b9c71c60, 4, 0;
    %end;
    .thread T_4;
    .scope S_00000177b9c02050;
T_5 ;
    %wait E_00000177b9c1c650;
    %load/vec4 v00000177b9c7b0a0_0;
    %pad/u 32;
    %cmpi/e 1, 0, 32;
    %jmp/0xz  T_5.0, 4;
    %load/vec4 v00000177b9c7bbe0_0;
    %parti/s 8, 0, 2;
    %load/vec4 v00000177b9c7c900_0;
    %addi 7, 0, 64;
    %ix/vec4 3;
    %ix/load 4, 0, 0; Constant delay
    %assign/vec4/a/d v00000177b9c71c60, 0, 4;
    %load/vec4 v00000177b9c7bbe0_0;
    %parti/s 8, 8, 5;
    %load/vec4 v00000177b9c7c900_0;
    %addi 6, 0, 64;
    %ix/vec4 3;
    %ix/load 4, 0, 0; Constant delay
    %assign/vec4/a/d v00000177b9c71c60, 0, 4;
    %load/vec4 v00000177b9c7bbe0_0;
    %parti/s 8, 16, 6;
    %load/vec4 v00000177b9c7c900_0;
    %addi 5, 0, 64;
    %ix/vec4 3;
    %ix/load 4, 0, 0; Constant delay
    %assign/vec4/a/d v00000177b9c71c60, 0, 4;
    %load/vec4 v00000177b9c7bbe0_0;
    %parti/s 8, 24, 6;
    %load/vec4 v00000177b9c7c900_0;
    %addi 4, 0, 64;
    %ix/vec4 3;
    %ix/load 4, 0, 0; Constant delay
    %assign/vec4/a/d v00000177b9c71c60, 0, 4;
    %load/vec4 v00000177b9c7bbe0_0;
    %parti/s 8, 32, 7;
    %load/vec4 v00000177b9c7c900_0;
    %addi 3, 0, 64;
    %ix/vec4 3;
    %ix/load 4, 0, 0; Constant delay
    %assign/vec4/a/d v00000177b9c71c60, 0, 4;
    %load/vec4 v00000177b9c7bbe0_0;
    %parti/s 8, 40, 7;
    %load/vec4 v00000177b9c7c900_0;
    %addi 2, 0, 64;
    %ix/vec4 3;
    %ix/load 4, 0, 0; Constant delay
    %assign/vec4/a/d v00000177b9c71c60, 0, 4;
    %load/vec4 v00000177b9c7bbe0_0;
    %parti/s 8, 48, 7;
    %load/vec4 v00000177b9c7c900_0;
    %addi 1, 0, 64;
    %ix/vec4 3;
    %ix/load 4, 0, 0; Constant delay
    %assign/vec4/a/d v00000177b9c71c60, 0, 4;
    %load/vec4 v00000177b9c7bbe0_0;
    %parti/s 8, 56, 7;
    %ix/getv 3, v00000177b9c7c900_0;
    %ix/load 4, 0, 0; Constant delay
    %assign/vec4/a/d v00000177b9c71c60, 0, 4;
T_5.0 ;
    %jmp T_5;
    .thread T_5;
    .scope S_00000177b9c14340;
T_6 ;
    %wait E_00000177b9c1c650;
    %load/vec4 v00000177b9c7bfa0_0;
    %assign/vec4 v00000177b9c7bb40_0, 0;
    %load/vec4 v00000177b9c7cea0_0;
    %assign/vec4 v00000177b9c7cb80_0, 0;
    %load/vec4 v00000177b9c7b460_0;
    %assign/vec4 v00000177b9c7b6e0_0, 0;
    %load/vec4 v00000177b9c7c7c0_0;
    %assign/vec4 v00000177b9c7c2c0_0, 0;
    %load/vec4 v00000177b9c7be60_0;
    %assign/vec4 v00000177b9c7b320_0, 0;
    %jmp T_6;
    .thread T_6;
# The file index is used to find the file name in the following table.
:file_names 5;
    "N/A";
    "<interactive>";
    ".\memory_tb.v";
    ".\data_memory.v";
    ".\memory.v";
