#! /c/Source/iverilog-install/bin/vvp
:ivl_version "12.0 (devel)" "(s20150603-1539-g2693dd32b)";
:ivl_delay_selection "TYPICAL";
:vpi_time_precision + 0;
:vpi_module "C:\iverilog\lib\ivl\system.vpi";
:vpi_module "C:\iverilog\lib\ivl\vhdl_sys.vpi";
:vpi_module "C:\iverilog\lib\ivl\vhdl_textio.vpi";
:vpi_module "C:\iverilog\lib\ivl\v2005_math.vpi";
:vpi_module "C:\iverilog\lib\ivl\va_math.vpi";
S_000001e3d93abde0 .scope module, "xor_tb" "xor_tb" 2 1;
 .timescale 0 0;
v000001e3d92f5fe0_0 .var "A", 63 0;
v000001e3d92f6080_0 .var "B", 63 0;
v000001e3d92f6120_0 .var/i "errors", 31 0;
v000001e3d92f5720_0 .net "result", 63 0, L_000001e3d92fa0f0;  1 drivers
S_000001e3d9269100 .scope task, "Check" "Check" 2 7, 2 7 0, S_000001e3d93abde0;
 .timescale 0 0;
v000001e3d92926d0_0 .var "expect", 127 0;
TD_xor_tb.Check ;
    %load/vec4 v000001e3d92926d0_0;
    %parti/s 64, 64, 8;
    %load/vec4 v000001e3d92926d0_0;
    %parti/s 64, 0, 2;
    %cmp/ne;
    %jmp/0xz  T_0.0, 4;
    %vpi_call 2 10 "$display", "Got %d, expected %d", &PV<v000001e3d92926d0_0, 64, 64>, &PV<v000001e3d92926d0_0, 0, 64> {0 0 0};
    %load/vec4 v000001e3d92f6120_0;
    %addi 1, 0, 32;
    %store/vec4 v000001e3d92f6120_0, 0, 32;
T_0.0 ;
    %end;
S_000001e3d9269290 .scope module, "UUT" "xorModule" 2 15, 3 1 0, S_000001e3d93abde0;
 .timescale 0 0;
    .port_info 0 /INPUT 64 "A";
    .port_info 1 /INPUT 64 "B";
    .port_info 2 /OUTPUT 64 "result";
L_000001e3d928b420 .functor XOR 1, L_000001e3d92f6260, L_000001e3d92f5360, C4<0>, C4<0>;
L_000001e3d928ad20 .functor XOR 1, L_000001e3d92f4aa0, L_000001e3d92f6440, C4<0>, C4<0>;
L_000001e3d928a9a0 .functor XOR 1, L_000001e3d92f5860, L_000001e3d92f5f40, C4<0>, C4<0>;
L_000001e3d928b500 .functor XOR 1, L_000001e3d92f61c0, L_000001e3d92f5180, C4<0>, C4<0>;
L_000001e3d928ac40 .functor XOR 1, L_000001e3d92f4fa0, L_000001e3d92f55e0, C4<0>, C4<0>;
L_000001e3d928b340 .functor XOR 1, L_000001e3d92f4b40, L_000001e3d92f48c0, C4<0>, C4<0>;
L_000001e3d928b030 .functor XOR 1, L_000001e3d92f5680, L_000001e3d92f6300, C4<0>, C4<0>;
L_000001e3d928b570 .functor XOR 1, L_000001e3d92f52c0, L_000001e3d92f57c0, C4<0>, C4<0>;
L_000001e3d928aa10 .functor XOR 1, L_000001e3d92f5cc0, L_000001e3d92f4be0, C4<0>, C4<0>;
L_000001e3d928ad90 .functor XOR 1, L_000001e3d92f5e00, L_000001e3d92f50e0, C4<0>, C4<0>;
L_000001e3d928afc0 .functor XOR 1, L_000001e3d92f4780, L_000001e3d92f5220, C4<0>, C4<0>;
L_000001e3d928b0a0 .functor XOR 1, L_000001e3d92f5400, L_000001e3d92f63a0, C4<0>, C4<0>;
L_000001e3d928b6c0 .functor XOR 1, L_000001e3d92f5900, L_000001e3d92f4c80, C4<0>, C4<0>;
L_000001e3d928b650 .functor XOR 1, L_000001e3d92f5c20, L_000001e3d92f4a00, C4<0>, C4<0>;
L_000001e3d928b730 .functor XOR 1, L_000001e3d92f54a0, L_000001e3d92f5540, C4<0>, C4<0>;
L_000001e3d928b7a0 .functor XOR 1, L_000001e3d92f4d20, L_000001e3d92f46e0, C4<0>, C4<0>;
L_000001e3d928b810 .functor XOR 1, L_000001e3d92f5d60, L_000001e3d92f5a40, C4<0>, C4<0>;
L_000001e3d928ae00 .functor XOR 1, L_000001e3d92f64e0, L_000001e3d92f6580, C4<0>, C4<0>;
L_000001e3d928ab60 .functor XOR 1, L_000001e3d92f4960, L_000001e3d92f4820, C4<0>, C4<0>;
L_000001e3d928a930 .functor XOR 1, L_000001e3d92f5ae0, L_000001e3d92f5ea0, C4<0>, C4<0>;
L_000001e3d928abd0 .functor XOR 1, L_000001e3d92f4dc0, L_000001e3d92f5b80, C4<0>, C4<0>;
L_000001e3d928ae70 .functor XOR 1, L_000001e3d92f4e60, L_000001e3d92f4f00, C4<0>, C4<0>;
L_000001e3d928aee0 .functor XOR 1, L_000001e3d92f5040, L_000001e3d92f7cb0, C4<0>, C4<0>;
L_000001e3d92fbbe0 .functor XOR 1, L_000001e3d92f9650, L_000001e3d92f8ed0, C4<0>, C4<0>;
L_000001e3d92fbcc0 .functor XOR 1, L_000001e3d92f87f0, L_000001e3d92f8890, C4<0>, C4<0>;
L_000001e3d92fc040 .functor XOR 1, L_000001e3d92f8570, L_000001e3d92f84d0, C4<0>, C4<0>;
L_000001e3d92fc2e0 .functor XOR 1, L_000001e3d92f7b70, L_000001e3d92f8930, C4<0>, C4<0>;
L_000001e3d92fb710 .functor XOR 1, L_000001e3d92f8cf0, L_000001e3d92f91f0, C4<0>, C4<0>;
L_000001e3d92fc350 .functor XOR 1, L_000001e3d92f8e30, L_000001e3d92f8250, C4<0>, C4<0>;
L_000001e3d92fba90 .functor XOR 1, L_000001e3d92f89d0, L_000001e3d92f7e90, C4<0>, C4<0>;
L_000001e3d92fc120 .functor XOR 1, L_000001e3d92f86b0, L_000001e3d92f8a70, C4<0>, C4<0>;
L_000001e3d92fc190 .functor XOR 1, L_000001e3d92f9970, L_000001e3d92f8f70, C4<0>, C4<0>;
L_000001e3d92fc200 .functor XOR 1, L_000001e3d92f9470, L_000001e3d92f9010, C4<0>, C4<0>;
L_000001e3d92fb860 .functor XOR 1, L_000001e3d92f7c10, L_000001e3d92f90b0, C4<0>, C4<0>;
L_000001e3d92fc510 .functor XOR 1, L_000001e3d92f8610, L_000001e3d92f7d50, C4<0>, C4<0>;
L_000001e3d92fbd30 .functor XOR 1, L_000001e3d92f7df0, L_000001e3d92f8b10, C4<0>, C4<0>;
L_000001e3d92fb780 .functor XOR 1, L_000001e3d92f8d90, L_000001e3d92f9290, C4<0>, C4<0>;
L_000001e3d92fc3c0 .functor XOR 1, L_000001e3d92f9150, L_000001e3d92f82f0, C4<0>, C4<0>;
L_000001e3d92fbb00 .functor XOR 1, L_000001e3d92f8bb0, L_000001e3d92f7f30, C4<0>, C4<0>;
L_000001e3d92fc270 .functor XOR 1, L_000001e3d92f8750, L_000001e3d92f8c50, C4<0>, C4<0>;
L_000001e3d92fc430 .functor XOR 1, L_000001e3d92f9a10, L_000001e3d92f9330, C4<0>, C4<0>;
L_000001e3d92fba20 .functor XOR 1, L_000001e3d92f78f0, L_000001e3d92f93d0, C4<0>, C4<0>;
L_000001e3d92fc4a0 .functor XOR 1, L_000001e3d92f9510, L_000001e3d92f9ab0, C4<0>, C4<0>;
L_000001e3d92fc580 .functor XOR 1, L_000001e3d92f95b0, L_000001e3d92f96f0, C4<0>, C4<0>;
L_000001e3d92fbe80 .functor XOR 1, L_000001e3d92f9790, L_000001e3d92f9830, C4<0>, C4<0>;
L_000001e3d92fbb70 .functor XOR 1, L_000001e3d92f98d0, L_000001e3d92f8070, C4<0>, C4<0>;
L_000001e3d92fbc50 .functor XOR 1, L_000001e3d92f9b50, L_000001e3d92f9bf0, C4<0>, C4<0>;
L_000001e3d92fb7f0 .functor XOR 1, L_000001e3d92f9c90, L_000001e3d92f9d30, C4<0>, C4<0>;
L_000001e3d92fc5f0 .functor XOR 1, L_000001e3d92f9dd0, L_000001e3d92f9e70, C4<0>, C4<0>;
L_000001e3d92fb8d0 .functor XOR 1, L_000001e3d92f7710, L_000001e3d92f77b0, C4<0>, C4<0>;
L_000001e3d92fb940 .functor XOR 1, L_000001e3d92f7850, L_000001e3d92f7990, C4<0>, C4<0>;
L_000001e3d92fb9b0 .functor XOR 1, L_000001e3d92f7a30, L_000001e3d92f7ad0, C4<0>, C4<0>;
L_000001e3d92fbda0 .functor XOR 1, L_000001e3d92f8390, L_000001e3d92f7fd0, C4<0>, C4<0>;
L_000001e3d92fbe10 .functor XOR 1, L_000001e3d92f8110, L_000001e3d92f81b0, C4<0>, C4<0>;
L_000001e3d92fc0b0 .functor XOR 1, L_000001e3d92f8430, L_000001e3d92fb590, C4<0>, C4<0>;
L_000001e3d92fbef0 .functor XOR 1, L_000001e3d92fa550, L_000001e3d92fac30, C4<0>, C4<0>;
L_000001e3d92fbf60 .functor XOR 1, L_000001e3d92fa9b0, L_000001e3d92faeb0, C4<0>, C4<0>;
L_000001e3d92fbfd0 .functor XOR 1, L_000001e3d92fa4b0, L_000001e3d92fa730, C4<0>, C4<0>;
L_000001e3d9300f20 .functor XOR 1, L_000001e3d92f9f10, L_000001e3d92fb1d0, C4<0>, C4<0>;
L_000001e3d93013f0 .functor XOR 1, L_000001e3d92fa2d0, L_000001e3d92faa50, C4<0>, C4<0>;
L_000001e3d9300ba0 .functor XOR 1, L_000001e3d92facd0, L_000001e3d92fae10, C4<0>, C4<0>;
L_000001e3d9301000 .functor XOR 1, L_000001e3d92fb3b0, L_000001e3d92fa870, C4<0>, C4<0>;
L_000001e3d9300dd0 .functor XOR 1, L_000001e3d92fa5f0, L_000001e3d92fb090, C4<0>, C4<0>;
L_000001e3d9301070 .functor XOR 1, L_000001e3d92fab90, L_000001e3d92fb130, C4<0>, C4<0>;
v000001e3d9290f10_0 .net "A", 63 0, v000001e3d92f5fe0_0;  1 drivers
v000001e3d9290dd0_0 .net "B", 63 0, v000001e3d92f6080_0;  1 drivers
v000001e3d9292130_0 .net *"_ivl_1", 0 0, L_000001e3d928b420;  1 drivers
v000001e3d9292770_0 .net *"_ivl_102", 0 0, L_000001e3d92f54a0;  1 drivers
v000001e3d9291c30_0 .net *"_ivl_104", 0 0, L_000001e3d92f5540;  1 drivers
v000001e3d92912d0_0 .net *"_ivl_106", 0 0, L_000001e3d928b7a0;  1 drivers
v000001e3d9291870_0 .net *"_ivl_109", 0 0, L_000001e3d92f4d20;  1 drivers
v000001e3d92921d0_0 .net *"_ivl_11", 0 0, L_000001e3d92f4aa0;  1 drivers
v000001e3d92915f0_0 .net *"_ivl_111", 0 0, L_000001e3d92f46e0;  1 drivers
v000001e3d9291af0_0 .net *"_ivl_113", 0 0, L_000001e3d928b810;  1 drivers
v000001e3d9290e70_0 .net *"_ivl_116", 0 0, L_000001e3d92f5d60;  1 drivers
v000001e3d9291b90_0 .net *"_ivl_118", 0 0, L_000001e3d92f5a40;  1 drivers
v000001e3d9292810_0 .net *"_ivl_120", 0 0, L_000001e3d928ae00;  1 drivers
v000001e3d9291690_0 .net *"_ivl_123", 0 0, L_000001e3d92f64e0;  1 drivers
v000001e3d9290970_0 .net *"_ivl_125", 0 0, L_000001e3d92f6580;  1 drivers
v000001e3d9291370_0 .net *"_ivl_127", 0 0, L_000001e3d928ab60;  1 drivers
v000001e3d9292270_0 .net *"_ivl_13", 0 0, L_000001e3d92f6440;  1 drivers
v000001e3d92924f0_0 .net *"_ivl_130", 0 0, L_000001e3d92f4960;  1 drivers
v000001e3d9292310_0 .net *"_ivl_132", 0 0, L_000001e3d92f4820;  1 drivers
v000001e3d9291cd0_0 .net *"_ivl_134", 0 0, L_000001e3d928a930;  1 drivers
v000001e3d9290a10_0 .net *"_ivl_137", 0 0, L_000001e3d92f5ae0;  1 drivers
v000001e3d9290ab0_0 .net *"_ivl_139", 0 0, L_000001e3d92f5ea0;  1 drivers
v000001e3d9291e10_0 .net *"_ivl_141", 0 0, L_000001e3d928abd0;  1 drivers
v000001e3d9291730_0 .net *"_ivl_144", 0 0, L_000001e3d92f4dc0;  1 drivers
v000001e3d92917d0_0 .net *"_ivl_146", 0 0, L_000001e3d92f5b80;  1 drivers
v000001e3d9290fb0_0 .net *"_ivl_148", 0 0, L_000001e3d928ae70;  1 drivers
v000001e3d9290b50_0 .net *"_ivl_15", 0 0, L_000001e3d928a9a0;  1 drivers
v000001e3d92923b0_0 .net *"_ivl_151", 0 0, L_000001e3d92f4e60;  1 drivers
v000001e3d9291910_0 .net *"_ivl_153", 0 0, L_000001e3d92f4f00;  1 drivers
v000001e3d92919b0_0 .net *"_ivl_155", 0 0, L_000001e3d928aee0;  1 drivers
v000001e3d9291050_0 .net *"_ivl_158", 0 0, L_000001e3d92f5040;  1 drivers
v000001e3d9292590_0 .net *"_ivl_160", 0 0, L_000001e3d92f7cb0;  1 drivers
v000001e3d92910f0_0 .net *"_ivl_162", 0 0, L_000001e3d92fbbe0;  1 drivers
v000001e3d9291190_0 .net *"_ivl_165", 0 0, L_000001e3d92f9650;  1 drivers
v000001e3d9291d70_0 .net *"_ivl_167", 0 0, L_000001e3d92f8ed0;  1 drivers
v000001e3d9291eb0_0 .net *"_ivl_169", 0 0, L_000001e3d92fbcc0;  1 drivers
v000001e3d9291410_0 .net *"_ivl_172", 0 0, L_000001e3d92f87f0;  1 drivers
v000001e3d9291550_0 .net *"_ivl_174", 0 0, L_000001e3d92f8890;  1 drivers
v000001e3d9275800_0 .net *"_ivl_176", 0 0, L_000001e3d92fc040;  1 drivers
v000001e3d9274cc0_0 .net *"_ivl_179", 0 0, L_000001e3d92f8570;  1 drivers
v000001e3d92753a0_0 .net *"_ivl_18", 0 0, L_000001e3d92f5860;  1 drivers
v000001e3d9274ea0_0 .net *"_ivl_181", 0 0, L_000001e3d92f84d0;  1 drivers
v000001e3d9275a80_0 .net *"_ivl_183", 0 0, L_000001e3d92fc2e0;  1 drivers
v000001e3d9275b20_0 .net *"_ivl_186", 0 0, L_000001e3d92f7b70;  1 drivers
v000001e3d9275d00_0 .net *"_ivl_188", 0 0, L_000001e3d92f8930;  1 drivers
v000001e3d92742c0_0 .net *"_ivl_190", 0 0, L_000001e3d92fb710;  1 drivers
v000001e3d9274360_0 .net *"_ivl_193", 0 0, L_000001e3d92f8cf0;  1 drivers
v000001e3d9274ae0_0 .net *"_ivl_195", 0 0, L_000001e3d92f91f0;  1 drivers
v000001e3d9274400_0 .net *"_ivl_197", 0 0, L_000001e3d92fc350;  1 drivers
v000001e3d9274540_0 .net *"_ivl_20", 0 0, L_000001e3d92f5f40;  1 drivers
v000001e3d92747c0_0 .net *"_ivl_200", 0 0, L_000001e3d92f8e30;  1 drivers
v000001e3d9287090_0 .net *"_ivl_202", 0 0, L_000001e3d92f8250;  1 drivers
v000001e3d9287d10_0 .net *"_ivl_204", 0 0, L_000001e3d92fba90;  1 drivers
v000001e3d9287db0_0 .net *"_ivl_207", 0 0, L_000001e3d92f89d0;  1 drivers
v000001e3d9287f90_0 .net *"_ivl_209", 0 0, L_000001e3d92f7e90;  1 drivers
v000001e3d9287270_0 .net *"_ivl_211", 0 0, L_000001e3d92fc120;  1 drivers
v000001e3d9288210_0 .net *"_ivl_214", 0 0, L_000001e3d92f86b0;  1 drivers
v000001e3d92882b0_0 .net *"_ivl_216", 0 0, L_000001e3d92f8a70;  1 drivers
v000001e3d9288350_0 .net *"_ivl_218", 0 0, L_000001e3d92fc190;  1 drivers
v000001e3d9288710_0 .net *"_ivl_22", 0 0, L_000001e3d928b500;  1 drivers
v000001e3d92873b0_0 .net *"_ivl_221", 0 0, L_000001e3d92f9970;  1 drivers
v000001e3d92883f0_0 .net *"_ivl_223", 0 0, L_000001e3d92f8f70;  1 drivers
v000001e3d92885d0_0 .net *"_ivl_225", 0 0, L_000001e3d92fc200;  1 drivers
v000001e3d9286af0_0 .net *"_ivl_228", 0 0, L_000001e3d92f9470;  1 drivers
v000001e3d924c0a0_0 .net *"_ivl_230", 0 0, L_000001e3d92f9010;  1 drivers
v000001e3d924da40_0 .net *"_ivl_232", 0 0, L_000001e3d92fb860;  1 drivers
v000001e3d924d0e0_0 .net *"_ivl_235", 0 0, L_000001e3d92f7c10;  1 drivers
v000001e3d924c780_0 .net *"_ivl_237", 0 0, L_000001e3d92f90b0;  1 drivers
v000001e3d924d4a0_0 .net *"_ivl_239", 0 0, L_000001e3d92fc510;  1 drivers
v000001e3d924db80_0 .net *"_ivl_242", 0 0, L_000001e3d92f8610;  1 drivers
v000001e3d924cb40_0 .net *"_ivl_244", 0 0, L_000001e3d92f7d50;  1 drivers
v000001e3d924c8c0_0 .net *"_ivl_246", 0 0, L_000001e3d92fbd30;  1 drivers
v000001e3d924bec0_0 .net *"_ivl_249", 0 0, L_000001e3d92f7df0;  1 drivers
v000001e3d924d540_0 .net *"_ivl_25", 0 0, L_000001e3d92f61c0;  1 drivers
v000001e3d924c460_0 .net *"_ivl_251", 0 0, L_000001e3d92f8b10;  1 drivers
v000001e3d924c280_0 .net *"_ivl_253", 0 0, L_000001e3d92fb780;  1 drivers
v000001e3d927e2e0_0 .net *"_ivl_256", 0 0, L_000001e3d92f8d90;  1 drivers
v000001e3d927d160_0 .net *"_ivl_258", 0 0, L_000001e3d92f9290;  1 drivers
v000001e3d927e4c0_0 .net *"_ivl_260", 0 0, L_000001e3d92fc3c0;  1 drivers
v000001e3d927cda0_0 .net *"_ivl_263", 0 0, L_000001e3d92f9150;  1 drivers
v000001e3d927dd40_0 .net *"_ivl_265", 0 0, L_000001e3d92f82f0;  1 drivers
v000001e3d927dde0_0 .net *"_ivl_267", 0 0, L_000001e3d92fbb00;  1 drivers
v000001e3d927e1a0_0 .net *"_ivl_27", 0 0, L_000001e3d92f5180;  1 drivers
v000001e3d927e380_0 .net *"_ivl_270", 0 0, L_000001e3d92f8bb0;  1 drivers
v000001e3d927e6a0_0 .net *"_ivl_272", 0 0, L_000001e3d92f7f30;  1 drivers
v000001e3d927e740_0 .net *"_ivl_274", 0 0, L_000001e3d92fc270;  1 drivers
v000001e3d927c940_0 .net *"_ivl_277", 0 0, L_000001e3d92f8750;  1 drivers
v000001e3d927ca80_0 .net *"_ivl_279", 0 0, L_000001e3d92f8c50;  1 drivers
v000001e3d9246df0_0 .net *"_ivl_281", 0 0, L_000001e3d92fc430;  1 drivers
v000001e3d9247250_0 .net *"_ivl_284", 0 0, L_000001e3d92f9a10;  1 drivers
v000001e3d9246f30_0 .net *"_ivl_286", 0 0, L_000001e3d92f9330;  1 drivers
v000001e3d9247930_0 .net *"_ivl_288", 0 0, L_000001e3d92fba20;  1 drivers
v000001e3d9247390_0 .net *"_ivl_29", 0 0, L_000001e3d928ac40;  1 drivers
v000001e3d9247430_0 .net *"_ivl_291", 0 0, L_000001e3d92f78f0;  1 drivers
v000001e3d92f0dc0_0 .net *"_ivl_293", 0 0, L_000001e3d92f93d0;  1 drivers
v000001e3d92f0000_0 .net *"_ivl_295", 0 0, L_000001e3d92fc4a0;  1 drivers
v000001e3d92f0820_0 .net *"_ivl_298", 0 0, L_000001e3d92f9510;  1 drivers
v000001e3d92efce0_0 .net *"_ivl_300", 0 0, L_000001e3d92f9ab0;  1 drivers
v000001e3d92efa60_0 .net *"_ivl_302", 0 0, L_000001e3d92fc580;  1 drivers
v000001e3d92ef920_0 .net *"_ivl_305", 0 0, L_000001e3d92f95b0;  1 drivers
v000001e3d92f0a00_0 .net *"_ivl_307", 0 0, L_000001e3d92f96f0;  1 drivers
v000001e3d92efd80_0 .net *"_ivl_309", 0 0, L_000001e3d92fbe80;  1 drivers
v000001e3d92f0500_0 .net *"_ivl_312", 0 0, L_000001e3d92f9790;  1 drivers
v000001e3d92f0280_0 .net *"_ivl_314", 0 0, L_000001e3d92f9830;  1 drivers
v000001e3d92f0320_0 .net *"_ivl_316", 0 0, L_000001e3d92fbb70;  1 drivers
v000001e3d92f05a0_0 .net *"_ivl_319", 0 0, L_000001e3d92f98d0;  1 drivers
v000001e3d92f0e60_0 .net *"_ivl_32", 0 0, L_000001e3d92f4fa0;  1 drivers
v000001e3d92f1360_0 .net *"_ivl_321", 0 0, L_000001e3d92f8070;  1 drivers
v000001e3d92f01e0_0 .net *"_ivl_323", 0 0, L_000001e3d92fbc50;  1 drivers
v000001e3d92efb00_0 .net *"_ivl_326", 0 0, L_000001e3d92f9b50;  1 drivers
v000001e3d92f0c80_0 .net *"_ivl_328", 0 0, L_000001e3d92f9bf0;  1 drivers
v000001e3d92f10e0_0 .net *"_ivl_330", 0 0, L_000001e3d92fb7f0;  1 drivers
v000001e3d92f0f00_0 .net *"_ivl_333", 0 0, L_000001e3d92f9c90;  1 drivers
v000001e3d92efba0_0 .net *"_ivl_335", 0 0, L_000001e3d92f9d30;  1 drivers
v000001e3d92f03c0_0 .net *"_ivl_337", 0 0, L_000001e3d92fc5f0;  1 drivers
v000001e3d92f0460_0 .net *"_ivl_34", 0 0, L_000001e3d92f55e0;  1 drivers
v000001e3d92f00a0_0 .net *"_ivl_340", 0 0, L_000001e3d92f9dd0;  1 drivers
v000001e3d92f1040_0 .net *"_ivl_342", 0 0, L_000001e3d92f9e70;  1 drivers
v000001e3d92efc40_0 .net *"_ivl_344", 0 0, L_000001e3d92fb8d0;  1 drivers
v000001e3d92f0640_0 .net *"_ivl_347", 0 0, L_000001e3d92f7710;  1 drivers
v000001e3d92f1180_0 .net *"_ivl_349", 0 0, L_000001e3d92f77b0;  1 drivers
v000001e3d92efe20_0 .net *"_ivl_351", 0 0, L_000001e3d92fb940;  1 drivers
v000001e3d92f06e0_0 .net *"_ivl_354", 0 0, L_000001e3d92f7850;  1 drivers
v000001e3d92f0d20_0 .net *"_ivl_356", 0 0, L_000001e3d92f7990;  1 drivers
v000001e3d92ef740_0 .net *"_ivl_358", 0 0, L_000001e3d92fb9b0;  1 drivers
v000001e3d92f14a0_0 .net *"_ivl_36", 0 0, L_000001e3d928b340;  1 drivers
v000001e3d92f0960_0 .net *"_ivl_361", 0 0, L_000001e3d92f7a30;  1 drivers
v000001e3d92f1220_0 .net *"_ivl_363", 0 0, L_000001e3d92f7ad0;  1 drivers
v000001e3d92f12c0_0 .net *"_ivl_365", 0 0, L_000001e3d92fbda0;  1 drivers
v000001e3d92f1400_0 .net *"_ivl_368", 0 0, L_000001e3d92f8390;  1 drivers
v000001e3d92f0aa0_0 .net *"_ivl_370", 0 0, L_000001e3d92f7fd0;  1 drivers
v000001e3d92f1540_0 .net *"_ivl_372", 0 0, L_000001e3d92fbe10;  1 drivers
v000001e3d92f08c0_0 .net *"_ivl_375", 0 0, L_000001e3d92f8110;  1 drivers
v000001e3d92ef880_0 .net *"_ivl_377", 0 0, L_000001e3d92f81b0;  1 drivers
v000001e3d92ef6a0_0 .net *"_ivl_379", 0 0, L_000001e3d92fc0b0;  1 drivers
v000001e3d92ef7e0_0 .net *"_ivl_382", 0 0, L_000001e3d92f8430;  1 drivers
v000001e3d92ef9c0_0 .net *"_ivl_384", 0 0, L_000001e3d92fb590;  1 drivers
v000001e3d92f0fa0_0 .net *"_ivl_386", 0 0, L_000001e3d92fbef0;  1 drivers
v000001e3d92efec0_0 .net *"_ivl_389", 0 0, L_000001e3d92fa550;  1 drivers
v000001e3d92eff60_0 .net *"_ivl_39", 0 0, L_000001e3d92f4b40;  1 drivers
v000001e3d92f0b40_0 .net *"_ivl_391", 0 0, L_000001e3d92fac30;  1 drivers
v000001e3d92f0140_0 .net *"_ivl_393", 0 0, L_000001e3d92fbf60;  1 drivers
v000001e3d92f0780_0 .net *"_ivl_396", 0 0, L_000001e3d92fa9b0;  1 drivers
v000001e3d92f0be0_0 .net *"_ivl_398", 0 0, L_000001e3d92faeb0;  1 drivers
v000001e3d92f42f0_0 .net *"_ivl_4", 0 0, L_000001e3d92f6260;  1 drivers
v000001e3d92f3490_0 .net *"_ivl_400", 0 0, L_000001e3d92fbfd0;  1 drivers
v000001e3d92f32b0_0 .net *"_ivl_403", 0 0, L_000001e3d92fa4b0;  1 drivers
v000001e3d92f28b0_0 .net *"_ivl_405", 0 0, L_000001e3d92fa730;  1 drivers
v000001e3d92f3170_0 .net *"_ivl_407", 0 0, L_000001e3d9300f20;  1 drivers
v000001e3d92f3e90_0 .net *"_ivl_41", 0 0, L_000001e3d92f48c0;  1 drivers
v000001e3d92f2d10_0 .net *"_ivl_410", 0 0, L_000001e3d92f9f10;  1 drivers
v000001e3d92f3fd0_0 .net *"_ivl_412", 0 0, L_000001e3d92fb1d0;  1 drivers
v000001e3d92f2a90_0 .net *"_ivl_414", 0 0, L_000001e3d93013f0;  1 drivers
v000001e3d92f38f0_0 .net *"_ivl_417", 0 0, L_000001e3d92fa2d0;  1 drivers
v000001e3d92f37b0_0 .net *"_ivl_419", 0 0, L_000001e3d92faa50;  1 drivers
v000001e3d92f4390_0 .net *"_ivl_421", 0 0, L_000001e3d9300ba0;  1 drivers
v000001e3d92f2c70_0 .net *"_ivl_424", 0 0, L_000001e3d92facd0;  1 drivers
v000001e3d92f3850_0 .net *"_ivl_426", 0 0, L_000001e3d92fae10;  1 drivers
v000001e3d92f2e50_0 .net *"_ivl_428", 0 0, L_000001e3d9301000;  1 drivers
v000001e3d92f3210_0 .net *"_ivl_43", 0 0, L_000001e3d928b030;  1 drivers
v000001e3d92f3530_0 .net *"_ivl_431", 0 0, L_000001e3d92fb3b0;  1 drivers
v000001e3d92f3990_0 .net *"_ivl_433", 0 0, L_000001e3d92fa870;  1 drivers
v000001e3d92f30d0_0 .net *"_ivl_435", 0 0, L_000001e3d9300dd0;  1 drivers
v000001e3d92f3350_0 .net *"_ivl_438", 0 0, L_000001e3d92fa5f0;  1 drivers
v000001e3d92f41b0_0 .net *"_ivl_440", 0 0, L_000001e3d92fb090;  1 drivers
v000001e3d92f2770_0 .net *"_ivl_442", 0 0, L_000001e3d9301070;  1 drivers
v000001e3d92f4250_0 .net *"_ivl_446", 0 0, L_000001e3d92fab90;  1 drivers
v000001e3d92f2ef0_0 .net *"_ivl_448", 0 0, L_000001e3d92fb130;  1 drivers
v000001e3d92f4430_0 .net *"_ivl_46", 0 0, L_000001e3d92f5680;  1 drivers
v000001e3d92f2810_0 .net *"_ivl_48", 0 0, L_000001e3d92f6300;  1 drivers
v000001e3d92f35d0_0 .net *"_ivl_50", 0 0, L_000001e3d928b570;  1 drivers
v000001e3d92f4570_0 .net *"_ivl_53", 0 0, L_000001e3d92f52c0;  1 drivers
v000001e3d92f3a30_0 .net *"_ivl_55", 0 0, L_000001e3d92f57c0;  1 drivers
v000001e3d92f44d0_0 .net *"_ivl_57", 0 0, L_000001e3d928aa10;  1 drivers
v000001e3d92f33f0_0 .net *"_ivl_6", 0 0, L_000001e3d92f5360;  1 drivers
v000001e3d92f3b70_0 .net *"_ivl_60", 0 0, L_000001e3d92f5cc0;  1 drivers
v000001e3d92f4110_0 .net *"_ivl_62", 0 0, L_000001e3d92f4be0;  1 drivers
v000001e3d92f2950_0 .net *"_ivl_64", 0 0, L_000001e3d928ad90;  1 drivers
v000001e3d92f3cb0_0 .net *"_ivl_67", 0 0, L_000001e3d92f5e00;  1 drivers
v000001e3d92f3d50_0 .net *"_ivl_69", 0 0, L_000001e3d92f50e0;  1 drivers
v000001e3d92f26d0_0 .net *"_ivl_71", 0 0, L_000001e3d928afc0;  1 drivers
v000001e3d92f2f90_0 .net *"_ivl_74", 0 0, L_000001e3d92f4780;  1 drivers
v000001e3d92f3670_0 .net *"_ivl_76", 0 0, L_000001e3d92f5220;  1 drivers
v000001e3d92f3710_0 .net *"_ivl_78", 0 0, L_000001e3d928b0a0;  1 drivers
v000001e3d92f3ad0_0 .net *"_ivl_8", 0 0, L_000001e3d928ad20;  1 drivers
v000001e3d92f29f0_0 .net *"_ivl_81", 0 0, L_000001e3d92f5400;  1 drivers
v000001e3d92f3c10_0 .net *"_ivl_83", 0 0, L_000001e3d92f63a0;  1 drivers
v000001e3d92f3df0_0 .net *"_ivl_85", 0 0, L_000001e3d928b6c0;  1 drivers
v000001e3d92f2b30_0 .net *"_ivl_88", 0 0, L_000001e3d92f5900;  1 drivers
v000001e3d92f3f30_0 .net *"_ivl_90", 0 0, L_000001e3d92f4c80;  1 drivers
v000001e3d92f2db0_0 .net *"_ivl_92", 0 0, L_000001e3d928b650;  1 drivers
v000001e3d92f4070_0 .net *"_ivl_95", 0 0, L_000001e3d92f5c20;  1 drivers
v000001e3d92f2bd0_0 .net *"_ivl_97", 0 0, L_000001e3d92f4a00;  1 drivers
v000001e3d92f3030_0 .net *"_ivl_99", 0 0, L_000001e3d928b730;  1 drivers
v000001e3d92f59a0_0 .net "result", 63 0, L_000001e3d92fa0f0;  alias, 1 drivers
L_000001e3d92f6260 .part v000001e3d92f5fe0_0, 0, 1;
L_000001e3d92f5360 .part v000001e3d92f6080_0, 0, 1;
L_000001e3d92f4aa0 .part v000001e3d92f5fe0_0, 1, 1;
L_000001e3d92f6440 .part v000001e3d92f6080_0, 1, 1;
L_000001e3d92f5860 .part v000001e3d92f5fe0_0, 2, 1;
L_000001e3d92f5f40 .part v000001e3d92f6080_0, 2, 1;
L_000001e3d92f61c0 .part v000001e3d92f5fe0_0, 3, 1;
L_000001e3d92f5180 .part v000001e3d92f6080_0, 3, 1;
L_000001e3d92f4fa0 .part v000001e3d92f5fe0_0, 4, 1;
L_000001e3d92f55e0 .part v000001e3d92f6080_0, 4, 1;
L_000001e3d92f4b40 .part v000001e3d92f5fe0_0, 5, 1;
L_000001e3d92f48c0 .part v000001e3d92f6080_0, 5, 1;
L_000001e3d92f5680 .part v000001e3d92f5fe0_0, 6, 1;
L_000001e3d92f6300 .part v000001e3d92f6080_0, 6, 1;
L_000001e3d92f52c0 .part v000001e3d92f5fe0_0, 7, 1;
L_000001e3d92f57c0 .part v000001e3d92f6080_0, 7, 1;
L_000001e3d92f5cc0 .part v000001e3d92f5fe0_0, 8, 1;
L_000001e3d92f4be0 .part v000001e3d92f6080_0, 8, 1;
L_000001e3d92f5e00 .part v000001e3d92f5fe0_0, 9, 1;
L_000001e3d92f50e0 .part v000001e3d92f6080_0, 9, 1;
L_000001e3d92f4780 .part v000001e3d92f5fe0_0, 10, 1;
L_000001e3d92f5220 .part v000001e3d92f6080_0, 10, 1;
L_000001e3d92f5400 .part v000001e3d92f5fe0_0, 11, 1;
L_000001e3d92f63a0 .part v000001e3d92f6080_0, 11, 1;
L_000001e3d92f5900 .part v000001e3d92f5fe0_0, 12, 1;
L_000001e3d92f4c80 .part v000001e3d92f6080_0, 12, 1;
L_000001e3d92f5c20 .part v000001e3d92f5fe0_0, 13, 1;
L_000001e3d92f4a00 .part v000001e3d92f6080_0, 13, 1;
L_000001e3d92f54a0 .part v000001e3d92f5fe0_0, 14, 1;
L_000001e3d92f5540 .part v000001e3d92f6080_0, 14, 1;
L_000001e3d92f4d20 .part v000001e3d92f5fe0_0, 15, 1;
L_000001e3d92f46e0 .part v000001e3d92f6080_0, 15, 1;
L_000001e3d92f5d60 .part v000001e3d92f5fe0_0, 16, 1;
L_000001e3d92f5a40 .part v000001e3d92f6080_0, 16, 1;
L_000001e3d92f64e0 .part v000001e3d92f5fe0_0, 17, 1;
L_000001e3d92f6580 .part v000001e3d92f6080_0, 17, 1;
L_000001e3d92f4960 .part v000001e3d92f5fe0_0, 18, 1;
L_000001e3d92f4820 .part v000001e3d92f6080_0, 18, 1;
L_000001e3d92f5ae0 .part v000001e3d92f5fe0_0, 19, 1;
L_000001e3d92f5ea0 .part v000001e3d92f6080_0, 19, 1;
L_000001e3d92f4dc0 .part v000001e3d92f5fe0_0, 20, 1;
L_000001e3d92f5b80 .part v000001e3d92f6080_0, 20, 1;
L_000001e3d92f4e60 .part v000001e3d92f5fe0_0, 21, 1;
L_000001e3d92f4f00 .part v000001e3d92f6080_0, 21, 1;
L_000001e3d92f5040 .part v000001e3d92f5fe0_0, 22, 1;
L_000001e3d92f7cb0 .part v000001e3d92f6080_0, 22, 1;
L_000001e3d92f9650 .part v000001e3d92f5fe0_0, 23, 1;
L_000001e3d92f8ed0 .part v000001e3d92f6080_0, 23, 1;
L_000001e3d92f87f0 .part v000001e3d92f5fe0_0, 24, 1;
L_000001e3d92f8890 .part v000001e3d92f6080_0, 24, 1;
L_000001e3d92f8570 .part v000001e3d92f5fe0_0, 25, 1;
L_000001e3d92f84d0 .part v000001e3d92f6080_0, 25, 1;
L_000001e3d92f7b70 .part v000001e3d92f5fe0_0, 26, 1;
L_000001e3d92f8930 .part v000001e3d92f6080_0, 26, 1;
L_000001e3d92f8cf0 .part v000001e3d92f5fe0_0, 27, 1;
L_000001e3d92f91f0 .part v000001e3d92f6080_0, 27, 1;
L_000001e3d92f8e30 .part v000001e3d92f5fe0_0, 28, 1;
L_000001e3d92f8250 .part v000001e3d92f6080_0, 28, 1;
L_000001e3d92f89d0 .part v000001e3d92f5fe0_0, 29, 1;
L_000001e3d92f7e90 .part v000001e3d92f6080_0, 29, 1;
L_000001e3d92f86b0 .part v000001e3d92f5fe0_0, 30, 1;
L_000001e3d92f8a70 .part v000001e3d92f6080_0, 30, 1;
L_000001e3d92f9970 .part v000001e3d92f5fe0_0, 31, 1;
L_000001e3d92f8f70 .part v000001e3d92f6080_0, 31, 1;
L_000001e3d92f9470 .part v000001e3d92f5fe0_0, 32, 1;
L_000001e3d92f9010 .part v000001e3d92f6080_0, 32, 1;
L_000001e3d92f7c10 .part v000001e3d92f5fe0_0, 33, 1;
L_000001e3d92f90b0 .part v000001e3d92f6080_0, 33, 1;
L_000001e3d92f8610 .part v000001e3d92f5fe0_0, 34, 1;
L_000001e3d92f7d50 .part v000001e3d92f6080_0, 34, 1;
L_000001e3d92f7df0 .part v000001e3d92f5fe0_0, 35, 1;
L_000001e3d92f8b10 .part v000001e3d92f6080_0, 35, 1;
L_000001e3d92f8d90 .part v000001e3d92f5fe0_0, 36, 1;
L_000001e3d92f9290 .part v000001e3d92f6080_0, 36, 1;
L_000001e3d92f9150 .part v000001e3d92f5fe0_0, 37, 1;
L_000001e3d92f82f0 .part v000001e3d92f6080_0, 37, 1;
L_000001e3d92f8bb0 .part v000001e3d92f5fe0_0, 38, 1;
L_000001e3d92f7f30 .part v000001e3d92f6080_0, 38, 1;
L_000001e3d92f8750 .part v000001e3d92f5fe0_0, 39, 1;
L_000001e3d92f8c50 .part v000001e3d92f6080_0, 39, 1;
L_000001e3d92f9a10 .part v000001e3d92f5fe0_0, 40, 1;
L_000001e3d92f9330 .part v000001e3d92f6080_0, 40, 1;
L_000001e3d92f78f0 .part v000001e3d92f5fe0_0, 41, 1;
L_000001e3d92f93d0 .part v000001e3d92f6080_0, 41, 1;
L_000001e3d92f9510 .part v000001e3d92f5fe0_0, 42, 1;
L_000001e3d92f9ab0 .part v000001e3d92f6080_0, 42, 1;
L_000001e3d92f95b0 .part v000001e3d92f5fe0_0, 43, 1;
L_000001e3d92f96f0 .part v000001e3d92f6080_0, 43, 1;
L_000001e3d92f9790 .part v000001e3d92f5fe0_0, 44, 1;
L_000001e3d92f9830 .part v000001e3d92f6080_0, 44, 1;
L_000001e3d92f98d0 .part v000001e3d92f5fe0_0, 45, 1;
L_000001e3d92f8070 .part v000001e3d92f6080_0, 45, 1;
L_000001e3d92f9b50 .part v000001e3d92f5fe0_0, 46, 1;
L_000001e3d92f9bf0 .part v000001e3d92f6080_0, 46, 1;
L_000001e3d92f9c90 .part v000001e3d92f5fe0_0, 47, 1;
L_000001e3d92f9d30 .part v000001e3d92f6080_0, 47, 1;
L_000001e3d92f9dd0 .part v000001e3d92f5fe0_0, 48, 1;
L_000001e3d92f9e70 .part v000001e3d92f6080_0, 48, 1;
L_000001e3d92f7710 .part v000001e3d92f5fe0_0, 49, 1;
L_000001e3d92f77b0 .part v000001e3d92f6080_0, 49, 1;
L_000001e3d92f7850 .part v000001e3d92f5fe0_0, 50, 1;
L_000001e3d92f7990 .part v000001e3d92f6080_0, 50, 1;
L_000001e3d92f7a30 .part v000001e3d92f5fe0_0, 51, 1;
L_000001e3d92f7ad0 .part v000001e3d92f6080_0, 51, 1;
L_000001e3d92f8390 .part v000001e3d92f5fe0_0, 52, 1;
L_000001e3d92f7fd0 .part v000001e3d92f6080_0, 52, 1;
L_000001e3d92f8110 .part v000001e3d92f5fe0_0, 53, 1;
L_000001e3d92f81b0 .part v000001e3d92f6080_0, 53, 1;
L_000001e3d92f8430 .part v000001e3d92f5fe0_0, 54, 1;
L_000001e3d92fb590 .part v000001e3d92f6080_0, 54, 1;
L_000001e3d92fa550 .part v000001e3d92f5fe0_0, 55, 1;
L_000001e3d92fac30 .part v000001e3d92f6080_0, 55, 1;
L_000001e3d92fa9b0 .part v000001e3d92f5fe0_0, 56, 1;
L_000001e3d92faeb0 .part v000001e3d92f6080_0, 56, 1;
L_000001e3d92fa4b0 .part v000001e3d92f5fe0_0, 57, 1;
L_000001e3d92fa730 .part v000001e3d92f6080_0, 57, 1;
L_000001e3d92f9f10 .part v000001e3d92f5fe0_0, 58, 1;
L_000001e3d92fb1d0 .part v000001e3d92f6080_0, 58, 1;
L_000001e3d92fa2d0 .part v000001e3d92f5fe0_0, 59, 1;
L_000001e3d92faa50 .part v000001e3d92f6080_0, 59, 1;
L_000001e3d92facd0 .part v000001e3d92f5fe0_0, 60, 1;
L_000001e3d92fae10 .part v000001e3d92f6080_0, 60, 1;
L_000001e3d92fb3b0 .part v000001e3d92f5fe0_0, 61, 1;
L_000001e3d92fa870 .part v000001e3d92f6080_0, 61, 1;
L_000001e3d92fa5f0 .part v000001e3d92f5fe0_0, 62, 1;
L_000001e3d92fb090 .part v000001e3d92f6080_0, 62, 1;
LS_000001e3d92fa0f0_0_0 .concat8 [ 1 1 1 1], L_000001e3d928b420, L_000001e3d928ad20, L_000001e3d928a9a0, L_000001e3d928b500;
LS_000001e3d92fa0f0_0_4 .concat8 [ 1 1 1 1], L_000001e3d928ac40, L_000001e3d928b340, L_000001e3d928b030, L_000001e3d928b570;
LS_000001e3d92fa0f0_0_8 .concat8 [ 1 1 1 1], L_000001e3d928aa10, L_000001e3d928ad90, L_000001e3d928afc0, L_000001e3d928b0a0;
LS_000001e3d92fa0f0_0_12 .concat8 [ 1 1 1 1], L_000001e3d928b6c0, L_000001e3d928b650, L_000001e3d928b730, L_000001e3d928b7a0;
LS_000001e3d92fa0f0_0_16 .concat8 [ 1 1 1 1], L_000001e3d928b810, L_000001e3d928ae00, L_000001e3d928ab60, L_000001e3d928a930;
LS_000001e3d92fa0f0_0_20 .concat8 [ 1 1 1 1], L_000001e3d928abd0, L_000001e3d928ae70, L_000001e3d928aee0, L_000001e3d92fbbe0;
LS_000001e3d92fa0f0_0_24 .concat8 [ 1 1 1 1], L_000001e3d92fbcc0, L_000001e3d92fc040, L_000001e3d92fc2e0, L_000001e3d92fb710;
LS_000001e3d92fa0f0_0_28 .concat8 [ 1 1 1 1], L_000001e3d92fc350, L_000001e3d92fba90, L_000001e3d92fc120, L_000001e3d92fc190;
LS_000001e3d92fa0f0_0_32 .concat8 [ 1 1 1 1], L_000001e3d92fc200, L_000001e3d92fb860, L_000001e3d92fc510, L_000001e3d92fbd30;
LS_000001e3d92fa0f0_0_36 .concat8 [ 1 1 1 1], L_000001e3d92fb780, L_000001e3d92fc3c0, L_000001e3d92fbb00, L_000001e3d92fc270;
LS_000001e3d92fa0f0_0_40 .concat8 [ 1 1 1 1], L_000001e3d92fc430, L_000001e3d92fba20, L_000001e3d92fc4a0, L_000001e3d92fc580;
LS_000001e3d92fa0f0_0_44 .concat8 [ 1 1 1 1], L_000001e3d92fbe80, L_000001e3d92fbb70, L_000001e3d92fbc50, L_000001e3d92fb7f0;
LS_000001e3d92fa0f0_0_48 .concat8 [ 1 1 1 1], L_000001e3d92fc5f0, L_000001e3d92fb8d0, L_000001e3d92fb940, L_000001e3d92fb9b0;
LS_000001e3d92fa0f0_0_52 .concat8 [ 1 1 1 1], L_000001e3d92fbda0, L_000001e3d92fbe10, L_000001e3d92fc0b0, L_000001e3d92fbef0;
LS_000001e3d92fa0f0_0_56 .concat8 [ 1 1 1 1], L_000001e3d92fbf60, L_000001e3d92fbfd0, L_000001e3d9300f20, L_000001e3d93013f0;
LS_000001e3d92fa0f0_0_60 .concat8 [ 1 1 1 1], L_000001e3d9300ba0, L_000001e3d9301000, L_000001e3d9300dd0, L_000001e3d9301070;
LS_000001e3d92fa0f0_1_0 .concat8 [ 4 4 4 4], LS_000001e3d92fa0f0_0_0, LS_000001e3d92fa0f0_0_4, LS_000001e3d92fa0f0_0_8, LS_000001e3d92fa0f0_0_12;
LS_000001e3d92fa0f0_1_4 .concat8 [ 4 4 4 4], LS_000001e3d92fa0f0_0_16, LS_000001e3d92fa0f0_0_20, LS_000001e3d92fa0f0_0_24, LS_000001e3d92fa0f0_0_28;
LS_000001e3d92fa0f0_1_8 .concat8 [ 4 4 4 4], LS_000001e3d92fa0f0_0_32, LS_000001e3d92fa0f0_0_36, LS_000001e3d92fa0f0_0_40, LS_000001e3d92fa0f0_0_44;
LS_000001e3d92fa0f0_1_12 .concat8 [ 4 4 4 4], LS_000001e3d92fa0f0_0_48, LS_000001e3d92fa0f0_0_52, LS_000001e3d92fa0f0_0_56, LS_000001e3d92fa0f0_0_60;
L_000001e3d92fa0f0 .concat8 [ 16 16 16 16], LS_000001e3d92fa0f0_1_0, LS_000001e3d92fa0f0_1_4, LS_000001e3d92fa0f0_1_8, LS_000001e3d92fa0f0_1_12;
L_000001e3d92fab90 .part v000001e3d92f5fe0_0, 63, 1;
L_000001e3d92fb130 .part v000001e3d92f6080_0, 63, 1;
    .scope S_000001e3d93abde0;
T_1 ;
    %pushi/vec4 0, 0, 32;
    %store/vec4 v000001e3d92f6120_0, 0, 32;
    %end;
    .thread T_1;
    .scope S_000001e3d93abde0;
T_2 ;
    %delay 10, 0;
    %vpi_call 2 19 "$display", "Test 0" {0 0 0};
    %pushi/vec4 123, 0, 64;
    %store/vec4 v000001e3d92f5fe0_0, 0, 64;
    %pushi/vec4 456, 0, 64;
    %store/vec4 v000001e3d92f6080_0, 0, 64;
    %delay 10, 0;
    %load/vec4 v000001e3d92f5720_0;
    %concati/vec4 435, 0, 64;
    %store/vec4 v000001e3d92926d0_0, 0, 128;
    %fork TD_xor_tb.Check, S_000001e3d9269100;
    %join;
    %delay 10, 0;
    %vpi_call 2 26 "$display", "Test 1" {0 0 0};
    %pushi/vec4 4294967295, 0, 32;
    %concati/vec4 4294966185, 0, 32;
    %store/vec4 v000001e3d92f5fe0_0, 0, 64;
    %pushi/vec4 2222, 0, 64;
    %store/vec4 v000001e3d92f6080_0, 0, 64;
    %delay 10, 0;
    %load/vec4 v000001e3d92f5720_0;
    %concati/vec4 4294967295, 0, 32;
    %concati/vec4 4294963975, 0, 32;
    %store/vec4 v000001e3d92926d0_0, 0, 128;
    %fork TD_xor_tb.Check, S_000001e3d9269100;
    %join;
    %delay 10, 0;
    %vpi_call 2 33 "$display", "Test 2" {0 0 0};
    %pushi/vec4 4294967295, 0, 32;
    %concati/vec4 4294963963, 0, 32;
    %store/vec4 v000001e3d92f5fe0_0, 0, 64;
    %pushi/vec4 4294967295, 0, 32;
    %concati/vec4 4294962852, 0, 32;
    %store/vec4 v000001e3d92f6080_0, 0, 64;
    %delay 10, 0;
    %load/vec4 v000001e3d92f5720_0;
    %concati/vec4 7263, 0, 64;
    %store/vec4 v000001e3d92926d0_0, 0, 128;
    %fork TD_xor_tb.Check, S_000001e3d9269100;
    %join;
    %delay 10, 0;
    %vpi_call 2 40 "$display", "Errors: %d", v000001e3d92f6120_0 {0 0 0};
    %vpi_call 2 41 "$finish" {0 0 0};
    %end;
    .thread T_2;
# The file index is used to find the file name in the following table.
:file_names 4;
    "N/A";
    "<interactive>";
    "xor_tb.v";
    "xor.v";
